Determining if the pthread_create exist failed with the following output:
Change Dir: /home/sipr/sipr_ws/build/CMakeFiles/CMakeTmp

Run Build Command:"/usr/bin/make" "cmTC_3463e/fast"
/usr/bin/make -f CMakeFiles/cmTC_3463e.dir/build.make CMakeFiles/cmTC_3463e.dir/build
make[1]: Wejście do katalogu '/home/sipr/sipr_ws/build/CMakeFiles/CMakeTmp'
Building C object CMakeFiles/cmTC_3463e.dir/CheckSymbolExists.c.o
/usr/bin/cc    -o CMakeFiles/cmTC_3463e.dir/CheckSymbolExists.c.o   -c /home/sipr/sipr_ws/build/CMakeFiles/CMakeTmp/CheckSymbolExists.c
Linking C executable cmTC_3463e
/usr/bin/cmake -E cmake_link_script CMakeFiles/cmTC_3463e.dir/link.txt --verbose=1
/usr/bin/cc      -rdynamic CMakeFiles/cmTC_3463e.dir/CheckSymbolExists.c.o  -o cmTC_3463e 
CMakeFiles/cmTC_3463e.dir/CheckSymbolExists.c.o: In function `main':
CheckSymbolExists.c:(.text+0x1b): undefined reference to `pthread_create'
collect2: error: ld returned 1 exit status
CMakeFiles/cmTC_3463e.dir/build.make:97: recipe for target 'cmTC_3463e' failed
make[1]: *** [cmTC_3463e] Error 1
make[1]: Opuszczenie katalogu '/home/sipr/sipr_ws/build/CMakeFiles/CMakeTmp'
Makefile:126: recipe for target 'cmTC_3463e/fast' failed
make: *** [cmTC_3463e/fast] Error 2

File /home/sipr/sipr_ws/build/CMakeFiles/CMakeTmp/CheckSymbolExists.c:
/* */
#include <pthread.h>

int main(int argc, char** argv)
{
  (void)argv;
#ifndef pthread_create
  return ((int*)(&pthread_create))[argc];
#else
  (void)argc;
  return 0;
#endif
}

Determining if the function pthread_create exists in the pthreads failed with the following output:
Change Dir: /home/sipr/sipr_ws/build/CMakeFiles/CMakeTmp

Run Build Command:"/usr/bin/make" "cmTC_3aa32/fast"
/usr/bin/make -f CMakeFiles/cmTC_3aa32.dir/build.make CMakeFiles/cmTC_3aa32.dir/build
make[1]: Wejście do katalogu '/home/sipr/sipr_ws/build/CMakeFiles/CMakeTmp'
Building C object CMakeFiles/cmTC_3aa32.dir/CheckFunctionExists.c.o
/usr/bin/cc   -DCHECK_FUNCTION_EXISTS=pthread_create   -o CMakeFiles/cmTC_3aa32.dir/CheckFunctionExists.c.o   -c /usr/share/cmake-3.10/Modules/CheckFunctionExists.c
Linking C executable cmTC_3aa32
/usr/bin/cmake -E cmake_link_script CMakeFiles/cmTC_3aa32.dir/link.txt --verbose=1
/usr/bin/cc  -DCHECK_FUNCTION_EXISTS=pthread_create    -rdynamic CMakeFiles/cmTC_3aa32.dir/CheckFunctionExists.c.o  -o cmTC_3aa32 -lpthreads 
/usr/bin/ld: cannot find -lpthreads
collect2: error: ld returned 1 exit status
CMakeFiles/cmTC_3aa32.dir/build.make:97: recipe for target 'cmTC_3aa32' failed
make[1]: *** [cmTC_3aa32] Error 1
make[1]: Opuszczenie katalogu '/home/sipr/sipr_ws/build/CMakeFiles/CMakeTmp'
Makefile:126: recipe for target 'cmTC_3aa32/fast' failed
make: *** [cmTC_3aa32/fast] Error 2


